<?xml version="1.0" encoding="UTF-8"?>
<!-- Generated by org.testng.reporters.JUnitReportReporter -->
<testsuite hostname="JamesBond" failures="0" tests="1" name="Assignment.BuyOneItem" time="52.890" errors="0" timestamp="2024-07-28T00:50:12 BST" skipped="0">
  <testcase classname="Assignment.BuyOneItem" name="BuyOneItemTestCase" time="52.890"/>
</testsuite> <!-- Assignment.BuyOneItem -->
